<?xml version="1.0" encoding="UTF-8"?>
<!-- Generated by org.testng.reporters.JUnitReportReporter -->
<testsuite hostname="BrentPumansMini" failures="0" tests="2" name="org.opensaml.core.xml.schema.impl.XSQNameTest" time="0.004" errors="0" timestamp="2024-02-09T16:01:14 EST" skipped="0">
  <testcase classname="org.opensaml.core.xml.schema.impl.XSQNameTest" name="testUnmarshall" time="0.001"/>
  <system-out/>
  <testcase classname="org.opensaml.core.xml.schema.impl.XSQNameTest" name="testMarshall" time="0.003"/>
  <system-out/>
</testsuite> <!-- org.opensaml.core.xml.schema.impl.XSQNameTest -->
