<?xml version="1.0" encoding="UTF-8"?>
<!-- Generated by org.testng.reporters.JUnitXMLReporter -->
<testsuite ignored="0" hostname="BrentPumansMini" failures="0" tests="9" name="Surefire test" time="0.053" errors="0" timestamp="2024-02-09T16:00:57 EST">
  <testcase classname="org.opensaml.core.metrics.MetricsSupportTest" name="testIsInstanceRegisteredUnderName" time="0.004"/>
  <testcase classname="org.opensaml.core.metrics.MetricsSupportTest" name="testRegister" time="0.0"/>
  <testcase classname="org.opensaml.core.metrics.MetricsSupportTest" name="testRemoveDifferingInstance" time="0.0"/>
  <testcase classname="org.opensaml.core.metrics.MetricsSupportTest" name="testRemoveSameInstance" time="0.0"/>
  <testcase classname="org.opensaml.core.config.provider.ThreadLocalConfigurationPropertiesSourceTest" name="testSource" time="0.001"/>
  <testcase classname="org.opensaml.core.config.provider.FilesystemConfigurationPropertiesSourceTest" name="testSource" time="0.001"/>
  <testcase classname="org.opensaml.core.config.provider.ClasspathConfigurationPropertiesSourceTest" name="testSource" time="0.0"/>
  <testcase classname="org.opensaml.core.config.ConfigurationServiceTest" name="testBasicRegistrationAndRetrievalAsClass" time="0.002"/>
  <testcase classname="org.opensaml.core.config.ConfigurationServiceTest" name="testBasicRegistrationAndRetrievalAsInterface" time="0.0"/>
</testsuite> <!-- Surefire test -->
