<?xml version="1.0" encoding="UTF-8"?>
<!-- Generated by org.testng.reporters.JUnitXMLReporter -->
<testsuite ignored="14" hostname="Silver-Machine.local" failures="0" tests="43" name="Default test" time="2.631" errors="0" timestamp="2022-06-08T10:36:17 EDT">
  <testcase classname="org.opensaml.spring.credential.BasicResourceParserTest" name="publicOnly" time="0.639"/>
  <testcase classname="org.opensaml.spring.credential.BasicResourceParserTest" name="publicPrivate" time="0.113"/>
  <testcase classname="org.opensaml.spring.credential.BasicResourceParserTest" name="secretBase64" time="0.048"/>
  <testcase classname="org.opensaml.spring.credential.BasicResourceParserTest" name="secretBinary" time="0.057"/>
  <testcase classname="org.opensaml.spring.credential.BasicResourceParserTest" name="secretHex" time="0.028"/>
  <testcase classname="org.opensaml.spring.credential.BasicResourceParserTest" name="wrongCert" time="0.068"/>
  <testcase classname="org.opensaml.spring.trust.StaticExplicitKeyFactoryBeanTest" name="mixed" time="0.124"/>
  <testcase classname="org.opensaml.spring.trust.StaticExplicitKeyFactoryBeanTest" name="multipleCert" time="0.051"/>
  <testcase classname="org.opensaml.spring.trust.StaticExplicitKeyFactoryBeanTest" name="singleCert" time="0.062"/>
  <testcase classname="org.opensaml.spring.trust.StaticExplicitKeyFactoryBeanTest" name="singleKey" time="0.055"/>
  <testcase classname="org.opensaml.spring.trust.StaticExplicitKeyParserTest" name="simple" time="0.065"/>
  <testcase classname="org.opensaml.spring.trust.StaticExplicitKeySignatureParserTest" name="simple" time="0.044"/>
  <testcase classname="org.opensaml.spring.trust.PKIXValidationOptionsParserTest" name="complex" time="0.029"/>
  <testcase classname="org.opensaml.spring.trust.PKIXValidationOptionsParserTest" name="simple" time="0.019"/>
  <testcase classname="org.opensaml.spring.trust.PKIXFilesystemParserTest" name="complex" time="0.048"/>
  <testcase classname="org.opensaml.spring.trust.PKIXFilesystemParserTest" name="simple" time="0.022"/>
  <testcase classname="org.opensaml.spring.credential.X509FilesystemParserTest" name="certElementsKeyNames" time="0.028"/>
  <testcase classname="org.opensaml.spring.credential.X509FilesystemParserTest" name="certKeyCrl" time="0.045"/>
  <testcase classname="org.opensaml.spring.credential.X509FilesystemParserTest" name="certOnly" time="0.013"/>
  <testcase classname="org.opensaml.spring.credential.X509FilesystemParserTest" name="twoCert" time="0.063"/>
  <testcase classname="org.opensaml.spring.credential.X509FilesystemParserTest" name="wrongCert" time="0.066"/>
  <testcase classname="org.opensaml.spring.credential.X509InlineParserTest" name="certKeyCrl" time="0.049"/>
  <testcase classname="org.opensaml.spring.credential.X509InlineParserTest" name="certOnly" time="0.027"/>
  <testcase classname="org.opensaml.spring.credential.X509InlineParserTest" name="wrongCert" time="0.031"/>
  <testcase classname="org.opensaml.spring.trust.ChainingTrustEngineTest" name="one" time="0.059"/>
  <testcase classname="org.opensaml.spring.trust.ChainingTrustEngineTest" name="two" time="0.038"/>
  <testcase classname="org.opensaml.spring.trust.StaticPKIXX509CredentialParserTest" name="certPath" time="0.067"/>
  <testcase classname="org.opensaml.spring.trust.StaticPKIXX509CredentialParserTest" name="nameCheckDisabled" time="0.036"/>
  <testcase classname="org.opensaml.spring.trust.StaticPKIXFactoryBeanTest" name="customPropertiesFailsValidation" time="0.051"/>
  <testcase classname="org.opensaml.spring.trust.StaticPKIXFactoryBeanTest" name="customPropertiesSuccess" time="0.025"/>
  <testcase classname="org.opensaml.spring.trust.StaticPKIXFactoryBeanTest" name="defaults" time="0.015"/>
  <testcase classname="org.opensaml.spring.trust.SignatureChainingParserTest" name="simple" time="0.036"/>
  <testcase classname="org.opensaml.spring.credential.BasicInlineParserTest" name="publicOnly" time="0.021"/>
  <testcase classname="org.opensaml.spring.credential.BasicInlineParserTest" name="publicPrivate" time="0.035"/>
  <testcase classname="org.opensaml.spring.credential.BasicInlineParserTest" name="secretBase64" time="0.017"/>
  <testcase classname="org.opensaml.spring.credential.BasicInlineParserTest" name="secretHex" time="0.015"/>
  <testcase classname="org.opensaml.spring.credential.BasicX509CredentialFactoryBeanTest" name="bean" time="0.073"/>
  <testcase classname="org.opensaml.spring.trust.PKIXInlineParserTest" name="complex" time="0.021"/>
  <testcase classname="org.opensaml.spring.trust.PKIXInlineParserTest" name="simple" time="0.021"/>
  <testcase classname="org.opensaml.spring.trust.StaticPKIXSignatureParserTest" name="certPath" time="0.02"/>
  <testcase classname="org.opensaml.spring.trust.StaticPKIXSignatureParserTest" name="nameCheckDisabled" time="0.022"/>
  <testcase classname="org.opensaml.spring.trust.StaticPKIXSignatureParserTest" name="simple" time="0.02"/>
  <testcase classname="org.opensaml.spring.trust.StaticPKIXSignatureParserTest" name="values" time="0.044"/>
  <testcase classname="org.opensaml.spring.AbstractSecurityParserTest" name="@BeforeSuite setupDirs" time="0.0">
    <ignored/>
  </testcase> <!-- @BeforeSuite setupDirs -->
  <testcase classname="org.opensaml.spring.AbstractSecurityParserTest" name="@BeforeSuite setupDirs" time="0.0">
    <ignored/>
  </testcase> <!-- @BeforeSuite setupDirs -->
  <testcase classname="org.opensaml.spring.AbstractSecurityParserTest" name="@BeforeSuite setupDirs" time="0.0">
    <ignored/>
  </testcase> <!-- @BeforeSuite setupDirs -->
  <testcase classname="org.opensaml.spring.AbstractSecurityParserTest" name="@BeforeSuite setupDirs" time="0.0">
    <ignored/>
  </testcase> <!-- @BeforeSuite setupDirs -->
  <testcase classname="org.opensaml.spring.AbstractSecurityParserTest" name="@BeforeSuite setupDirs" time="0.0">
    <ignored/>
  </testcase> <!-- @BeforeSuite setupDirs -->
  <testcase classname="org.opensaml.spring.AbstractSecurityParserTest" name="@BeforeSuite setupDirs" time="0.0">
    <ignored/>
  </testcase> <!-- @BeforeSuite setupDirs -->
  <testcase classname="org.opensaml.spring.AbstractSecurityParserTest" name="@BeforeSuite setupDirs" time="0.0">
    <ignored/>
  </testcase> <!-- @BeforeSuite setupDirs -->
  <testcase classname="org.opensaml.spring.AbstractSecurityParserTest" name="@BeforeSuite setupDirs" time="0.0">
    <ignored/>
  </testcase> <!-- @BeforeSuite setupDirs -->
  <testcase classname="org.opensaml.spring.AbstractSecurityParserTest" name="@BeforeSuite setupDirs" time="0.0">
    <ignored/>
  </testcase> <!-- @BeforeSuite setupDirs -->
  <testcase classname="org.opensaml.spring.AbstractSecurityParserTest" name="@BeforeSuite setupDirs" time="0.0">
    <ignored/>
  </testcase> <!-- @BeforeSuite setupDirs -->
  <testcase classname="org.opensaml.spring.AbstractSecurityParserTest" name="@BeforeSuite setupDirs" time="0.0">
    <ignored/>
  </testcase> <!-- @BeforeSuite setupDirs -->
  <testcase classname="org.opensaml.spring.AbstractSecurityParserTest" name="@BeforeSuite setupDirs" time="0.0">
    <ignored/>
  </testcase> <!-- @BeforeSuite setupDirs -->
  <testcase classname="org.opensaml.spring.AbstractSecurityParserTest" name="@BeforeSuite setupDirs" time="0.0">
    <ignored/>
  </testcase> <!-- @BeforeSuite setupDirs -->
  <testcase classname="org.opensaml.spring.AbstractSecurityParserTest" name="@BeforeSuite setupDirs" time="0.0">
    <ignored/>
  </testcase> <!-- @BeforeSuite setupDirs -->
</testsuite> <!-- Default test -->
