<?xml version="1.0" encoding="UTF-8"?>
<testng-results ignored="0" total="9" passed="9" failed="0" skipped="0">
  <reporter-output>
  </reporter-output>
  <suite started-at="2024-02-09T16:00:57 EST" name="Surefire suite" finished-at="2024-02-09T16:00:57 EST" duration-ms="53">
    <groups>
    </groups>
    <test started-at="2024-02-09T16:00:57 EST" name="Surefire test" finished-at="2024-02-09T16:00:57 EST" duration-ms="53">
      <class name="org.opensaml.core.config.provider.ClasspathConfigurationPropertiesSourceTest">
        <test-method is-config="true" signature="setUp()[pri:0, instance:org.opensaml.core.config.provider.ClasspathConfigurationPropertiesSourceTest@21e360a]" started-at="2024-02-09T16:00:57 EST" name="setUp" finished-at="2024-02-09T16:00:57 EST" duration-ms="1" status="PASS">
          <reporter-output>
          </reporter-output>
        </test-method> <!-- setUp -->
        <test-method signature="testSource()[pri:0, instance:org.opensaml.core.config.provider.ClasspathConfigurationPropertiesSourceTest@21e360a]" started-at="2024-02-09T16:00:57 EST" name="testSource" finished-at="2024-02-09T16:00:57 EST" duration-ms="0" status="PASS">
          <reporter-output>
          </reporter-output>
        </test-method> <!-- testSource -->
        <test-method is-config="true" signature="tearDown()[pri:0, instance:org.opensaml.core.config.provider.ClasspathConfigurationPropertiesSourceTest@21e360a]" started-at="2024-02-09T16:00:57 EST" name="tearDown" finished-at="2024-02-09T16:00:57 EST" duration-ms="0" status="PASS">
          <reporter-output>
          </reporter-output>
        </test-method> <!-- tearDown -->
      </class> <!-- org.opensaml.core.config.provider.ClasspathConfigurationPropertiesSourceTest -->
      <class name="org.opensaml.core.config.provider.FilesystemConfigurationPropertiesSourceTest">
        <test-method is-config="true" signature="setUp()[pri:0, instance:org.opensaml.core.config.provider.FilesystemConfigurationPropertiesSourceTest@7bd4937b]" started-at="2024-02-09T16:00:57 EST" name="setUp" finished-at="2024-02-09T16:00:57 EST" duration-ms="9" status="PASS">
          <reporter-output>
          </reporter-output>
        </test-method> <!-- setUp -->
        <test-method signature="testSource()[pri:0, instance:org.opensaml.core.config.provider.FilesystemConfigurationPropertiesSourceTest@7bd4937b]" started-at="2024-02-09T16:00:57 EST" name="testSource" finished-at="2024-02-09T16:00:57 EST" duration-ms="1" status="PASS">
          <reporter-output>
          </reporter-output>
        </test-method> <!-- testSource -->
        <test-method is-config="true" signature="tearDown()[pri:0, instance:org.opensaml.core.config.provider.FilesystemConfigurationPropertiesSourceTest@7bd4937b]" started-at="2024-02-09T16:00:57 EST" name="tearDown" finished-at="2024-02-09T16:00:57 EST" duration-ms="0" status="PASS">
          <reporter-output>
          </reporter-output>
        </test-method> <!-- tearDown -->
      </class> <!-- org.opensaml.core.config.provider.FilesystemConfigurationPropertiesSourceTest -->
      <class name="org.opensaml.core.config.ConfigurationServiceTest">
        <test-method signature="testBasicRegistrationAndRetrievalAsClass()[pri:0, instance:org.opensaml.core.config.ConfigurationServiceTest@5ba3f27a]" started-at="2024-02-09T16:00:57 EST" name="testBasicRegistrationAndRetrievalAsClass" finished-at="2024-02-09T16:00:57 EST" duration-ms="2" status="PASS">
          <reporter-output>
          </reporter-output>
        </test-method> <!-- testBasicRegistrationAndRetrievalAsClass -->
        <test-method signature="testBasicRegistrationAndRetrievalAsInterface()[pri:0, instance:org.opensaml.core.config.ConfigurationServiceTest@5ba3f27a]" started-at="2024-02-09T16:00:57 EST" name="testBasicRegistrationAndRetrievalAsInterface" finished-at="2024-02-09T16:00:57 EST" duration-ms="0" status="PASS">
          <reporter-output>
          </reporter-output>
        </test-method> <!-- testBasicRegistrationAndRetrievalAsInterface -->
      </class> <!-- org.opensaml.core.config.ConfigurationServiceTest -->
      <class name="org.opensaml.core.metrics.MetricsSupportTest">
        <test-method is-config="true" signature="setUpGauges()[pri:0, instance:org.opensaml.core.metrics.MetricsSupportTest@1af2d44a]" started-at="2024-02-09T16:00:57 EST" name="setUpGauges" finished-at="2024-02-09T16:00:57 EST" duration-ms="6" status="PASS">
          <reporter-output>
          </reporter-output>
        </test-method> <!-- setUpGauges -->
        <test-method is-config="true" signature="setUp()[pri:0, instance:org.opensaml.core.metrics.MetricsSupportTest@1af2d44a]" started-at="2024-02-09T16:00:57 EST" name="setUp" finished-at="2024-02-09T16:00:57 EST" duration-ms="1" status="PASS">
          <reporter-output>
          </reporter-output>
        </test-method> <!-- setUp -->
        <test-method signature="testIsInstanceRegisteredUnderName()[pri:0, instance:org.opensaml.core.metrics.MetricsSupportTest@1af2d44a]" started-at="2024-02-09T16:00:57 EST" name="testIsInstanceRegisteredUnderName" finished-at="2024-02-09T16:00:57 EST" duration-ms="4" status="PASS">
          <reporter-output>
          </reporter-output>
        </test-method> <!-- testIsInstanceRegisteredUnderName -->
        <test-method signature="testRegister()[pri:0, instance:org.opensaml.core.metrics.MetricsSupportTest@1af2d44a]" started-at="2024-02-09T16:00:57 EST" name="testRegister" finished-at="2024-02-09T16:00:57 EST" duration-ms="0" status="PASS">
          <reporter-output>
          </reporter-output>
        </test-method> <!-- testRegister -->
        <test-method is-config="true" signature="setUp()[pri:0, instance:org.opensaml.core.metrics.MetricsSupportTest@1af2d44a]" started-at="2024-02-09T16:00:57 EST" name="setUp" finished-at="2024-02-09T16:00:57 EST" duration-ms="0" status="PASS">
          <reporter-output>
          </reporter-output>
        </test-method> <!-- setUp -->
        <test-method signature="testRemoveDifferingInstance()[pri:0, instance:org.opensaml.core.metrics.MetricsSupportTest@1af2d44a]" started-at="2024-02-09T16:00:57 EST" name="testRemoveDifferingInstance" finished-at="2024-02-09T16:00:57 EST" duration-ms="0" status="PASS">
          <reporter-output>
          </reporter-output>
        </test-method> <!-- testRemoveDifferingInstance -->
        <test-method is-config="true" signature="setUp()[pri:0, instance:org.opensaml.core.metrics.MetricsSupportTest@1af2d44a]" started-at="2024-02-09T16:00:57 EST" name="setUp" finished-at="2024-02-09T16:00:57 EST" duration-ms="0" status="PASS">
          <reporter-output>
          </reporter-output>
        </test-method> <!-- setUp -->
        <test-method signature="testRemoveSameInstance()[pri:0, instance:org.opensaml.core.metrics.MetricsSupportTest@1af2d44a]" started-at="2024-02-09T16:00:57 EST" name="testRemoveSameInstance" finished-at="2024-02-09T16:00:57 EST" duration-ms="0" status="PASS">
          <reporter-output>
          </reporter-output>
        </test-method> <!-- testRemoveSameInstance -->
        <test-method is-config="true" signature="setUp()[pri:0, instance:org.opensaml.core.metrics.MetricsSupportTest@1af2d44a]" started-at="2024-02-09T16:00:57 EST" name="setUp" finished-at="2024-02-09T16:00:57 EST" duration-ms="0" status="PASS">
          <reporter-output>
          </reporter-output>
        </test-method> <!-- setUp -->
      </class> <!-- org.opensaml.core.metrics.MetricsSupportTest -->
      <class name="org.opensaml.core.config.provider.ThreadLocalConfigurationPropertiesSourceTest">
        <test-method signature="testSource()[pri:0, instance:org.opensaml.core.config.provider.ThreadLocalConfigurationPropertiesSourceTest@7c24b813]" started-at="2024-02-09T16:00:57 EST" name="testSource" finished-at="2024-02-09T16:00:57 EST" duration-ms="1" status="PASS">
          <reporter-output>
          </reporter-output>
        </test-method> <!-- testSource -->
        <test-method is-config="true" signature="setUp()[pri:0, instance:org.opensaml.core.config.provider.ThreadLocalConfigurationPropertiesSourceTest@7c24b813]" started-at="2024-02-09T16:00:57 EST" name="setUp" finished-at="2024-02-09T16:00:57 EST" duration-ms="0" status="PASS">
          <reporter-output>
          </reporter-output>
        </test-method> <!-- setUp -->
        <test-method is-config="true" signature="tearDown()[pri:0, instance:org.opensaml.core.config.provider.ThreadLocalConfigurationPropertiesSourceTest@7c24b813]" started-at="2024-02-09T16:00:57 EST" name="tearDown" finished-at="2024-02-09T16:00:57 EST" duration-ms="1" status="PASS">
          <reporter-output>
          </reporter-output>
        </test-method> <!-- tearDown -->
      </class> <!-- org.opensaml.core.config.provider.ThreadLocalConfigurationPropertiesSourceTest -->
    </test> <!-- Surefire test -->
  </suite> <!-- Surefire suite -->
</testng-results>
