<?xml version="1.0" encoding="UTF-8"?>
<!-- Generated by org.testng.reporters.JUnitXMLReporter -->
<testsuite ignored="1" hostname="BrentPumansMini" failures="0" tests="8" name="Surefire test" time="0.619" errors="0" timestamp="2024-02-09T16:03:09 EST">
  <testcase classname="org.opensaml.spring.credential.BasicX509CredentialFactoryBeanTest" name="bean" time="0.405"/>
  <testcase classname="org.opensaml.spring.trust.StaticExplicitKeyFactoryBeanTest" name="mixed" time="0.048"/>
  <testcase classname="org.opensaml.spring.trust.StaticExplicitKeyFactoryBeanTest" name="multipleCert" time="0.036"/>
  <testcase classname="org.opensaml.spring.trust.StaticExplicitKeyFactoryBeanTest" name="singleCert" time="0.023"/>
  <testcase classname="org.opensaml.spring.trust.StaticExplicitKeyFactoryBeanTest" name="singleKey" time="0.02"/>
  <testcase classname="org.opensaml.spring.trust.StaticPKIXFactoryBeanTest" name="customPropertiesFailsValidation" time="0.026"/>
  <testcase classname="org.opensaml.spring.trust.StaticPKIXFactoryBeanTest" name="customPropertiesSuccess" time="0.016"/>
  <testcase classname="org.opensaml.spring.trust.StaticPKIXFactoryBeanTest" name="defaults" time="0.013"/>
  <testcase classname="org.opensaml.spring.trust.AbstractSecurityTest" name="@BeforeSuite setupDirs" time="0.0">
    <ignored/>
  </testcase> <!-- @BeforeSuite setupDirs -->
</testsuite> <!-- Surefire test -->
