<?xml version="1.0" encoding="UTF-8"?>
<!-- Generated by org.testng.reporters.JUnitXMLReporter -->
<testsuite ignored="18" hostname="BrentPumansMini" failures="0" tests="105" name="Surefire test" time="3.411" errors="0" timestamp="2024-02-09T16:01:14 EST">
  <testcase classname="org.opensaml.core.xml.util.tests.AttributeMapTest" name="testAttributeMapQualifiedAttributes" time="0.003"/>
  <testcase classname="org.opensaml.core.xml.util.tests.AttributeMapTest" name="testClear" time="0.0"/>
  <testcase classname="org.opensaml.core.xml.util.tests.AttributeMapTest" name="testQNameAttributeValueAsQName" time="0.001"/>
  <testcase classname="org.opensaml.core.xml.util.tests.AttributeMapTest" name="testQNameAttributeValueAsString" time="0.0"/>
  <testcase classname="org.opensaml.core.xml.util.tests.XMLObjectSupportTest" name="testBuildXMLObject" time="0.001"/>
  <testcase classname="org.opensaml.core.xml.util.tests.XMLObjectSupportTest" name="testXMLObjectCloneInputMarshalling" time="0.018"/>
  <testcase classname="org.opensaml.core.xml.util.tests.XMLObjectSupportTest" name="testXMLObjectCloneWithDropDOM" time="0.001"/>
  <testcase classname="org.opensaml.core.xml.util.tests.XMLObjectSupportTest" name="testXMLObjectCloneWithRootInNewDocument" time="0.0"/>
  <testcase classname="org.opensaml.core.xml.util.tests.XMLObjectSupportTest" name="testXMLObjectCloneWithUnrootedDOM" time="0.0"/>
  <testcase classname="org.opensaml.core.xml.util.tests.IndexedXMLObjectChildrenListTest" name="testAdd" time="0.0"/>
  <testcase classname="org.opensaml.core.xml.util.tests.IndexedXMLObjectChildrenListTest" name="testRemove" time="0.001"/>
  <testcase classname="org.opensaml.core.xml.util.tests.IndexedXMLObjectChildrenListTest" name="testSet" time="0.0"/>
  <testcase classname="org.opensaml.core.xml.util.tests.IndexedXMLObjectChildrenListTest" name="testSublist" time="0.001"/>
  <testcase classname="org.opensaml.core.xml.util.tests.XMLObjectChildrenListTest" name="testAdd" time="0.0"/>
  <testcase classname="org.opensaml.core.xml.util.tests.XMLObjectChildrenListTest" name="testClear" time="0.0"/>
  <testcase classname="org.opensaml.core.xml.util.tests.XMLObjectChildrenListTest" name="testIterator" time="0.001"/>
  <testcase classname="org.opensaml.core.xml.util.tests.XMLObjectChildrenListTest" name="testRemove" time="0.0"/>
  <testcase classname="org.opensaml.core.xml.util.tests.XMLObjectChildrenListTest" name="testSet" time="0.0"/>
  <testcase classname="org.opensaml.core.xml.util.tests.XMLObjectSourceTest" name="testBadCtorParams" time="0.0"/>
  <testcase classname="org.opensaml.core.xml.util.tests.XMLObjectSourceTest" name="testGetterAndHashCodeAndEquals" time="0.0"/>
  <testcase classname="org.opensaml.core.xml.config.tests.InitializationServiceTest" name="testProviderInit" time="0.027"/>
  <testcase classname="org.opensaml.core.xml.config.tests.ConfigurationTest" name="testIDAttributeConfiguration" time="0.006"/>
  <testcase classname="org.opensaml.core.xml.config.tests.ConfigurationTest" name="testIDAttributeRegistration" time="0.0"/>
  <testcase classname="org.opensaml.core.xml.config.tests.ConfigurationTest" name="testInvalidConfiguration" time="0.008"/>
  <testcase classname="org.opensaml.core.xml.config.tests.ConfigurationTest" name="testObjectProviderConfiguration" time="0.008"/>
  <testcase classname="org.opensaml.core.testing.XMLObjectProviderInitializerBaseTestCase" name="testProviderInit" time="0.01"/>
  <testcase classname="org.opensaml.core.xml.tests.AbstractXMLObjectTest" name="testDOMAndXMLObjectSourceDropOnMutateAttribute" time="0.001"/>
  <testcase classname="org.opensaml.core.xml.tests.AbstractXMLObjectTest" name="testDOMAndXMLObjectSourceDropOnMutateChildElements" time="0.001"/>
  <testcase classname="org.opensaml.core.xml.tests.AbstractXMLObjectTest" name="testDOMAndXMLObjectSourceDropOnMutateContent" time="0.001"/>
  <testcase classname="org.opensaml.core.xml.tests.UnmarshallingTest" name="testUnmarshallingWithAttributes" time="0.001"/>
  <testcase classname="org.opensaml.core.xml.tests.UnmarshallingTest" name="testUnmarshallingWithChildElements" time="0.0"/>
  <testcase classname="org.opensaml.core.xml.tests.UnmarshallingTest" name="testUnmarshallingWithElementContent" time="0.001"/>
  <testcase classname="org.opensaml.core.xml.tests.IDAttributeTest" name="testAttributeMap" time="0.002"/>
  <testcase classname="org.opensaml.core.xml.tests.IDAttributeTest" name="testAttributeMapOps" time="0.001"/>
  <testcase classname="org.opensaml.core.xml.tests.IDAttributeTest" name="testChangePropagationInList" time="0.001"/>
  <testcase classname="org.opensaml.core.xml.tests.IDAttributeTest" name="testComplexUnmarshallInList" time="0.001"/>
  <testcase classname="org.opensaml.core.xml.tests.IDAttributeTest" name="testGlobalIDRegistration" time="0.002"/>
  <testcase classname="org.opensaml.core.xml.tests.IDAttributeTest" name="testListOpChangePropagation" time="0.001"/>
  <testcase classname="org.opensaml.core.xml.tests.IDAttributeTest" name="testSimpleUnmarshall" time="0.0"/>
  <testcase classname="org.opensaml.core.xml.tests.UnmarshallingSecurityTest" name="testUnmarshallingWithCDATAInElementContentDefaults" time="0.001"/>
  <testcase classname="org.opensaml.core.xml.tests.UnmarshallingSecurityTest" name="testUnmarshallingWithCDATAInElementContentInsecure" time="0.001"/>
  <testcase classname="org.opensaml.core.xml.tests.UnmarshallingSecurityTest" name="testUnmarshallingWithCommentBetweenChildElementsDefaults" time="0.001"/>
  <testcase classname="org.opensaml.core.xml.tests.UnmarshallingSecurityTest" name="testUnmarshallingWithCommentBetweenChildElementsInsecure" time="0.001"/>
  <testcase classname="org.opensaml.core.xml.tests.UnmarshallingSecurityTest" name="testUnmarshallingWithCommentInElementContentDefaults" time="0.0"/>
  <testcase classname="org.opensaml.core.xml.tests.UnmarshallingSecurityTest" name="testUnmarshallingWithCommentInElementContentInsecure" time="0.0"/>
  <testcase classname="org.opensaml.core.xml.tests.MarshallingTest" name="testMarshallingExistingEmptyDocument" time="0.0"/>
  <testcase classname="org.opensaml.core.xml.tests.MarshallingTest" name="testMarshallingReplaceDocumentRoot" time="0.0"/>
  <testcase classname="org.opensaml.core.xml.tests.MarshallingTest" name="testMarshallingWithAttributes" time="0.018"/>
  <testcase classname="org.opensaml.core.xml.tests.MarshallingTest" name="testMarshallingWithChildElements" time="0.003"/>
  <testcase classname="org.opensaml.core.xml.tests.MarshallingTest" name="testMarshallingWithElementContent" time="0.003"/>
  <testcase classname="org.opensaml.core.xml.tests.MarshallingTest" name="testMarshallingXMLFragment" time="0.003"/>
  <testcase classname="org.opensaml.core.xml.tests.NamespaceManagerTest" name="testNSDeclaration" time="0.0"/>
  <testcase classname="org.opensaml.core.xml.tests.NamespaceManagerTest" name="testNonVisibleNamespacePrefixes" time="0.001"/>
  <testcase classname="org.opensaml.core.xml.tests.NamespaceManagerTest" name="testObjectName" time="0.0"/>
  <testcase classname="org.opensaml.core.xml.tests.NamespaceManagerTest" name="testObjectType" time="0.001"/>
  <testcase classname="org.opensaml.core.xml.tests.NamespaceManagerTest" name="testQNameAttributeValue" time="0.0"/>
  <testcase classname="org.opensaml.core.xml.tests.NamespaceManagerTest" name="testQNameElementContent" time="0.0"/>
  <testcase classname="org.opensaml.core.xml.tests.NamespaceManagerTest" name="testQualifiedAttributes" time="0.001"/>
  <testcase classname="org.opensaml.core.xml.tests.XMLObjectXSIAttribsTest" name="testMarshallNil" time="0.003"/>
  <testcase classname="org.opensaml.core.xml.tests.XMLObjectXSIAttribsTest" name="testMarshallNoNamespaceSchemaLocation" time="0.002"/>
  <testcase classname="org.opensaml.core.xml.tests.XMLObjectXSIAttribsTest" name="testMarshallSchemaLocation" time="0.002"/>
  <testcase classname="org.opensaml.core.xml.tests.XMLObjectXSIAttribsTest" name="testUnmarshallNil" time="0.001"/>
  <testcase classname="org.opensaml.core.xml.tests.XMLObjectXSIAttribsTest" name="testUnmarshallNoNamespaceSchemaLocation" time="0.0"/>
  <testcase classname="org.opensaml.core.xml.tests.XMLObjectXSIAttribsTest" name="testUnmarshallNoNil" time="0.001"/>
  <testcase classname="org.opensaml.core.xml.tests.XMLObjectXSIAttribsTest" name="testUnmarshallSchemaLocation" time="0.0"/>
  <testcase classname="org.opensaml.core.xml.tests.ElementProxyTest" name="testUnmarshallUnknownContent" time="0.001"/>
  <testcase classname="org.opensaml.core.xml.schema.impl.XSQNameTest" name="testMarshall" time="0.003"/>
  <testcase classname="org.opensaml.core.xml.schema.impl.XSQNameTest" name="testUnmarshall" time="0.001"/>
  <testcase classname="org.opensaml.core.xml.schema.impl.XSBooleanTest" name="testMarshall" time="0.003"/>
  <testcase classname="org.opensaml.core.xml.schema.impl.XSBooleanTest" name="testUnmarshall" time="0.0"/>
  <testcase classname="org.opensaml.core.xml.schema.impl.XSIntegerTest" name="testMarshall" time="0.003"/>
  <testcase classname="org.opensaml.core.xml.schema.impl.XSIntegerTest" name="testUnmarshall" time="0.0"/>
  <testcase classname="org.opensaml.core.xml.schema.impl.XSURITest" name="testMarshall" time="0.003"/>
  <testcase classname="org.opensaml.core.xml.schema.impl.XSURITest" name="testUnmarshall" time="0.001"/>
  <testcase classname="org.opensaml.core.xml.schema.impl.XSBase64BinaryTest" name="testMarshall" time="0.003"/>
  <testcase classname="org.opensaml.core.xml.schema.impl.XSBase64BinaryTest" name="testUnmarshall" time="0.001"/>
  <testcase classname="org.opensaml.core.xml.schema.impl.XSDateTimeTest" name="testMarshall" time="0.004"/>
  <testcase classname="org.opensaml.core.xml.schema.impl.XSDateTimeTest" name="testUnmarshall" time="0.002"/>
  <testcase classname="org.opensaml.core.xml.schema.impl.XSDateTimeTest" name="testUnmarshallCanonical" time="0.001"/>
  <testcase classname="org.opensaml.core.xml.schema.impl.XSDateTimeTest" name="testUnmarshallNoFractional" time="0.001"/>
  <testcase classname="org.opensaml.core.xml.schema.impl.XSStringTest" name="testMarshall" time="0.003"/>
  <testcase classname="org.opensaml.core.xml.schema.impl.XSStringTest" name="testUnmarshall" time="0.001"/>
  <testcase classname="org.opensaml.core.xml.persist.impl.FilesystemLoadSaveManagerTest" name="buildTargetFileFromKey" time="0.0"/>
  <testcase classname="org.opensaml.core.xml.persist.impl.FilesystemLoadSaveManagerTest" name="buildTargetFileFromKeyWithIntermediateDirs" time="0.0"/>
  <testcase classname="org.opensaml.core.xml.persist.impl.FilesystemLoadSaveManagerTest" name="checkCheckModifyTimeTracking" time="2.013"/>
  <testcase classname="org.opensaml.core.xml.persist.impl.FilesystemLoadSaveManagerTest" name="ctorBaseDirPathExistsButNotADirectory" time="0.0"/>
  <testcase classname="org.opensaml.core.xml.persist.impl.FilesystemLoadSaveManagerTest" name="ctorCreateDirectory" time="0.0"/>
  <testcase classname="org.opensaml.core.xml.persist.impl.FilesystemLoadSaveManagerTest" name="ctorEmptyPathString" time="0.0"/>
  <testcase classname="org.opensaml.core.xml.persist.impl.FilesystemLoadSaveManagerTest" name="ctorPathTrimming" time="0.0"/>
  <testcase classname="org.opensaml.core.xml.persist.impl.FilesystemLoadSaveManagerTest" name="ctorRelativeDir" time="0.0"/>
  <testcase classname="org.opensaml.core.xml.persist.impl.FilesystemLoadSaveManagerTest" name="emptyDir" time="0.003"/>
  <testcase classname="org.opensaml.core.xml.persist.impl.FilesystemLoadSaveManagerTest" name="iterator" time="0.005"/>
  <testcase classname="org.opensaml.core.xml.persist.impl.FilesystemLoadSaveManagerTest" name="saveLoadUpdateRemove" time="0.024"/>
  <testcase classname="org.opensaml.core.xml.persist.impl.FilesystemLoadSaveManagerTest" name="saveLoadUpdateRemove" time="0.025"/>
  <testcase classname="org.opensaml.core.xml.persist.impl.FilesystemLoadSaveManagerTest" name="saveLoadUpdateRemoveWithIntermediateDirs" time="0.029"/>
  <testcase classname="org.opensaml.core.xml.persist.impl.FilesystemLoadSaveManagerTest" name="saveLoadUpdateRemoveWithIntermediateDirs" time="0.025"/>
  <testcase classname="org.opensaml.core.xml.persist.impl.FilesystemLoadSaveManagerTest" name="targetExistsButIsNotAFile" time="0.001"/>
  <testcase classname="org.opensaml.core.xml.persist.impl.FilesystemLoadSaveManagerTest" name="targetKeyIsEmpty" time="0.001"/>
  <testcase classname="org.opensaml.core.xml.persist.impl.FilesystemLoadSaveManagerTest" name="targetKeyIsNull" time="0.0"/>
  <testcase classname="org.opensaml.core.xml.persist.impl.SegmentingIntermediateDirectoryStrategyTest" name="basic" time="0.004"/>
  <testcase classname="org.opensaml.core.xml.persist.impl.SegmentingIntermediateDirectoryStrategyTest" name="sourceTooShort" time="0.001"/>
  <testcase classname="org.opensaml.core.xml.persist.impl.MapLoadSaveManagerTest" name="checkCheckModifyTimeTracking" time="1.002"/>
  <testcase classname="org.opensaml.core.xml.persist.impl.MapLoadSaveManagerTest" name="emptyMap" time="0.0"/>
  <testcase classname="org.opensaml.core.xml.persist.impl.MapLoadSaveManagerTest" name="iterator" time="0.0"/>
  <testcase classname="org.opensaml.core.xml.persist.impl.MapLoadSaveManagerTest" name="saveLoadUpdateRemove" time="0.001"/>
  <testcase classname="org.opensaml.core.testing.OpenSAMLInitBaseTestCase" name="@BeforeSuite initOpenSAML" time="0.0">
    <ignored/>
  </testcase> <!-- @BeforeSuite initOpenSAML -->
  <testcase classname="org.opensaml.core.testing.OpenSAMLInitBaseTestCase" name="@BeforeSuite initOpenSAML" time="0.0">
    <ignored/>
  </testcase> <!-- @BeforeSuite initOpenSAML -->
  <testcase classname="org.opensaml.core.testing.OpenSAMLInitBaseTestCase" name="@BeforeSuite initOpenSAML" time="0.0">
    <ignored/>
  </testcase> <!-- @BeforeSuite initOpenSAML -->
  <testcase classname="org.opensaml.core.testing.OpenSAMLInitBaseTestCase" name="@BeforeSuite initOpenSAML" time="0.0">
    <ignored/>
  </testcase> <!-- @BeforeSuite initOpenSAML -->
  <testcase classname="org.opensaml.core.testing.OpenSAMLInitBaseTestCase" name="@BeforeSuite initOpenSAML" time="0.0">
    <ignored/>
  </testcase> <!-- @BeforeSuite initOpenSAML -->
  <testcase classname="org.opensaml.core.testing.OpenSAMLInitBaseTestCase" name="@BeforeSuite initOpenSAML" time="0.0">
    <ignored/>
  </testcase> <!-- @BeforeSuite initOpenSAML -->
  <testcase classname="org.opensaml.core.testing.OpenSAMLInitBaseTestCase" name="@BeforeSuite initOpenSAML" time="0.0">
    <ignored/>
  </testcase> <!-- @BeforeSuite initOpenSAML -->
  <testcase classname="org.opensaml.core.testing.OpenSAMLInitBaseTestCase" name="@BeforeSuite initOpenSAML" time="0.0">
    <ignored/>
  </testcase> <!-- @BeforeSuite initOpenSAML -->
  <testcase classname="org.opensaml.core.testing.OpenSAMLInitBaseTestCase" name="@BeforeSuite initOpenSAML" time="0.0">
    <ignored/>
  </testcase> <!-- @BeforeSuite initOpenSAML -->
  <testcase classname="org.opensaml.core.testing.OpenSAMLInitBaseTestCase" name="@BeforeSuite initOpenSAML" time="0.0">
    <ignored/>
  </testcase> <!-- @BeforeSuite initOpenSAML -->
  <testcase classname="org.opensaml.core.testing.OpenSAMLInitBaseTestCase" name="@BeforeSuite initOpenSAML" time="0.0">
    <ignored/>
  </testcase> <!-- @BeforeSuite initOpenSAML -->
  <testcase classname="org.opensaml.core.testing.OpenSAMLInitBaseTestCase" name="@BeforeSuite initOpenSAML" time="0.0">
    <ignored/>
  </testcase> <!-- @BeforeSuite initOpenSAML -->
  <testcase classname="org.opensaml.core.testing.OpenSAMLInitBaseTestCase" name="@BeforeSuite initOpenSAML" time="0.0">
    <ignored/>
  </testcase> <!-- @BeforeSuite initOpenSAML -->
  <testcase classname="org.opensaml.core.testing.OpenSAMLInitBaseTestCase" name="@BeforeSuite initOpenSAML" time="0.0">
    <ignored/>
  </testcase> <!-- @BeforeSuite initOpenSAML -->
  <testcase classname="org.opensaml.core.testing.OpenSAMLInitBaseTestCase" name="@BeforeSuite initOpenSAML" time="0.0">
    <ignored/>
  </testcase> <!-- @BeforeSuite initOpenSAML -->
  <testcase classname="org.opensaml.core.testing.OpenSAMLInitBaseTestCase" name="@BeforeSuite initOpenSAML" time="0.0">
    <ignored/>
  </testcase> <!-- @BeforeSuite initOpenSAML -->
  <testcase classname="org.opensaml.core.testing.OpenSAMLInitBaseTestCase" name="@BeforeSuite initOpenSAML" time="0.0">
    <ignored/>
  </testcase> <!-- @BeforeSuite initOpenSAML -->
  <testcase classname="org.opensaml.core.testing.OpenSAMLInitBaseTestCase" name="@BeforeSuite initOpenSAML" time="0.0">
    <ignored/>
  </testcase> <!-- @BeforeSuite initOpenSAML -->
</testsuite> <!-- Surefire test -->
