<?xml version="1.0" encoding="UTF-8"?>
<testsuite xmlns:xsi="http://www.w3.org/2001/XMLSchema-instance" xsi:noNamespaceSchemaLocation="https://maven.apache.org/surefire/maven-surefire-plugin/xsd/surefire-test-report-3.0.xsd" version="3.0" name="TestSuite" time="4.623" tests="105" errors="0" skipped="0" failures="0">
  <properties>
[...]
</properties>
  <testcase name="testAttributeMapQualifiedAttributes" classname="org.opensaml.core.xml.util.tests.AttributeMapTest" time="0.004">
    <system-out><![CDATA[16:01:09,744 |-INFO in ch.qos.logback.classic.LoggerContext[default] - This is logback-classic version 1.4.13
16:01:09,746 |-INFO in ch.qos.logback.classic.util.ContextInitializer@1700915 - No custom configurators were discovered as a service.
16:01:09,746 |-INFO in ch.qos.logback.classic.util.ContextInitializer@1700915 - Trying to configure with ch.qos.logback.classic.joran.SerializedModelConfigurator
16:01:09,747 |-INFO in ch.qos.logback.classic.util.ContextInitializer@1700915 - Constructed configurator of type class ch.qos.logback.classic.joran.SerializedModelConfigurator
16:01:09,756 |-INFO in ch.qos.logback.classic.LoggerContext[default] - Could NOT find resource [logback-test.scmo]
16:01:09,756 |-INFO in ch.qos.logback.classic.LoggerContext[default] - Could NOT find resource [logback.scmo]
16:01:09,764 |-INFO in ch.qos.logback.classic.util.ContextInitializer@1700915 - ch.qos.logback.classic.joran.SerializedModelConfigurator.configure() call lasted 10 milliseconds. ExecutionStatus=INVOKE_NEXT_IF_ANY
16:01:09,764 |-INFO in ch.qos.logback.classic.util.ContextInitializer@1700915 - Trying to configure with ch.qos.logback.classic.util.DefaultJoranConfigurator
16:01:09,765 |-INFO in ch.qos.logback.classic.util.ContextInitializer@1700915 - Constructed configurator of type class ch.qos.logback.classic.util.DefaultJoranConfigurator
16:01:09,768 |-INFO in ch.qos.logback.classic.LoggerContext[default] - Found resource [logback-test.xml] at [file:/Users/putmanb/Dev/Git/Shib/java-opensaml/opensaml-core-impl/target/test-classes/logback-test.xml]
16:01:09,826 |-WARN in ch.qos.logback.classic.joran.action.LevelAction - <level> element is deprecated. Near [level] on line 12
16:01:09,826 |-WARN in ch.qos.logback.classic.joran.action.LevelAction - Please use "level" attribute within <logger> or <root> elements instead.
16:01:09,826 |-WARN in ch.qos.logback.classic.joran.action.LevelAction - <level> element is deprecated. Near [level] on line 16
16:01:09,826 |-WARN in ch.qos.logback.classic.joran.action.LevelAction - Please use "level" attribute within <logger> or <root> elements instead.
16:01:09,826 |-WARN in ch.qos.logback.classic.joran.action.LevelAction - <level> element is deprecated. Near [level] on line 21
16:01:09,826 |-WARN in ch.qos.logback.classic.joran.action.LevelAction - Please use "level" attribute within <logger> or <root> elements instead.
16:01:09,868 |-INFO in ch.qos.logback.core.model.processor.AppenderModelHandler - Processing appender named [STDOUT]
16:01:09,868 |-INFO in ch.qos.logback.core.model.processor.AppenderModelHandler - About to instantiate appender of type [ch.qos.logback.core.ConsoleAppender]
16:01:09,885 |-INFO in ch.qos.logback.classic.model.processor.LevelModelHandler - org.opensaml.core.xml.persist level set to DEBUG
16:01:09,885 |-INFO in ch.qos.logback.classic.model.processor.LevelModelHandler - org.opensaml level set to WARN
16:01:09,886 |-INFO in ch.qos.logback.core.model.processor.AppenderRefModelHandler - Attaching appender named [STDOUT] to Logger[ROOT]
16:01:09,886 |-INFO in ch.qos.logback.classic.model.processor.LevelModelHandler - ROOT level set to WARN
16:01:09,886 |-INFO in ch.qos.logback.core.model.processor.DefaultProcessor@21de60b4 - End of configuration.
16:01:09,886 |-INFO in ch.qos.logback.classic.joran.JoranConfigurator@c267ef4 - Registering current configuration as safe fallback point
16:01:09,886 |-INFO in ch.qos.logback.classic.util.ContextInitializer@1700915 - ch.qos.logback.classic.util.DefaultJoranConfigurator.configure() call lasted 121 milliseconds. ExecutionStatus=DO_NOT_INVOKE_NEXT_IF_ANY

]]></system-out>
  </testcase>
  <testcase name="testClear" classname="org.opensaml.core.xml.util.tests.AttributeMapTest" time="0.0"/>
  <testcase name="testQNameAttributeValueAsQName" classname="org.opensaml.core.xml.util.tests.AttributeMapTest" time="0.001"/>
  <testcase name="testQNameAttributeValueAsString" classname="org.opensaml.core.xml.util.tests.AttributeMapTest" time="0.0"/>
  <testcase name="testBuildXMLObject" classname="org.opensaml.core.xml.util.tests.XMLObjectSupportTest" time="0.002"/>
  <testcase name="testXMLObjectCloneInputMarshalling" classname="org.opensaml.core.xml.util.tests.XMLObjectSupportTest" time="0.018"/>
  <testcase name="testXMLObjectCloneWithDropDOM" classname="org.opensaml.core.xml.util.tests.XMLObjectSupportTest" time="0.001"/>
  <testcase name="testXMLObjectCloneWithRootInNewDocument" classname="org.opensaml.core.xml.util.tests.XMLObjectSupportTest" time="0.001"/>
  <testcase name="testXMLObjectCloneWithUnrootedDOM" classname="org.opensaml.core.xml.util.tests.XMLObjectSupportTest" time="0.0"/>
  <testcase name="testAdd" classname="org.opensaml.core.xml.util.tests.IndexedXMLObjectChildrenListTest" time="0.0"/>
  <testcase name="testRemove" classname="org.opensaml.core.xml.util.tests.IndexedXMLObjectChildrenListTest" time="0.001"/>
  <testcase name="testSet" classname="org.opensaml.core.xml.util.tests.IndexedXMLObjectChildrenListTest" time="0.0"/>
  <testcase name="testSublist" classname="org.opensaml.core.xml.util.tests.IndexedXMLObjectChildrenListTest" time="0.001"/>
  <testcase name="testAdd" classname="org.opensaml.core.xml.util.tests.XMLObjectChildrenListTest" time="0.0"/>
  <testcase name="testClear" classname="org.opensaml.core.xml.util.tests.XMLObjectChildrenListTest" time="0.0"/>
  <testcase name="testIterator" classname="org.opensaml.core.xml.util.tests.XMLObjectChildrenListTest" time="0.001"/>
  <testcase name="testRemove" classname="org.opensaml.core.xml.util.tests.XMLObjectChildrenListTest" time="0.0"/>
  <testcase name="testSet" classname="org.opensaml.core.xml.util.tests.XMLObjectChildrenListTest" time="0.0"/>
  <testcase name="testBadCtorParams" classname="org.opensaml.core.xml.util.tests.XMLObjectSourceTest" time="0.0"/>
  <testcase name="testGetterAndHashCodeAndEquals" classname="org.opensaml.core.xml.util.tests.XMLObjectSourceTest" time="0.001"/>
  <testcase name="testProviderInit" classname="org.opensaml.core.xml.config.tests.InitializationServiceTest" time="0.026"/>
  <testcase name="testIDAttributeConfiguration" classname="org.opensaml.core.xml.config.tests.ConfigurationTest" time="0.006"/>
  <testcase name="testIDAttributeRegistration" classname="org.opensaml.core.xml.config.tests.ConfigurationTest" time="0.0"/>
  <testcase name="testInvalidConfiguration" classname="org.opensaml.core.xml.config.tests.ConfigurationTest" time="0.009">
    <system-out><![CDATA[ERROR BasicParserPool - XML Parsing Error
ERROR XMLConfigurator - Invalid configuration file: Unable to parse inputstream, it contained invalid XML
]]></system-out>
  </testcase>
  <testcase name="testObjectProviderConfiguration" classname="org.opensaml.core.xml.config.tests.ConfigurationTest" time="0.009">
    <system-out><![CDATA[ERROR XMLConfigurator - Cannot create instance of foo: foo
ERROR XMLConfigurator - Error initializing object provier [xt:ObjectProvider: null]: Cannot create instance of foo
]]></system-out>
  </testcase>
  <testcase name="testProviderInit" classname="org.opensaml.core.xml.config.tests.XMLObjectProviderInitializerTest" time="0.01"/>
  <testcase name="testDOMAndXMLObjectSourceDropOnMutateAttribute" classname="org.opensaml.core.xml.tests.AbstractXMLObjectTest" time="0.001"/>
  <testcase name="testDOMAndXMLObjectSourceDropOnMutateChildElements" classname="org.opensaml.core.xml.tests.AbstractXMLObjectTest" time="0.0"/>
  <testcase name="testDOMAndXMLObjectSourceDropOnMutateContent" classname="org.opensaml.core.xml.tests.AbstractXMLObjectTest" time="0.0"/>
  <testcase name="testUnmarshallingWithAttributes" classname="org.opensaml.core.xml.tests.UnmarshallingTest" time="0.001"/>
  <testcase name="testUnmarshallingWithChildElements" classname="org.opensaml.core.xml.tests.UnmarshallingTest" time="0.001"/>
  <testcase name="testUnmarshallingWithElementContent" classname="org.opensaml.core.xml.tests.UnmarshallingTest" time="0.001"/>
  <testcase name="testAttributeMap" classname="org.opensaml.core.xml.tests.IDAttributeTest" time="0.001"/>
  <testcase name="testAttributeMapOps" classname="org.opensaml.core.xml.tests.IDAttributeTest" time="0.002"/>
  <testcase name="testChangePropagationInList" classname="org.opensaml.core.xml.tests.IDAttributeTest" time="0.001"/>
  <testcase name="testComplexUnmarshallInList" classname="org.opensaml.core.xml.tests.IDAttributeTest" time="0.001"/>
  <testcase name="testGlobalIDRegistration" classname="org.opensaml.core.xml.tests.IDAttributeTest" time="0.002"/>
  <testcase name="testListOpChangePropagation" classname="org.opensaml.core.xml.tests.IDAttributeTest" time="0.001"/>
  <testcase name="testSimpleUnmarshall" classname="org.opensaml.core.xml.tests.IDAttributeTest" time="0.0"/>
  <testcase name="testUnmarshallingWithCDATAInElementContentDefaults" classname="org.opensaml.core.xml.tests.UnmarshallingSecurityTest" time="0.001"/>
  <testcase name="testUnmarshallingWithCDATAInElementContentInsecure" classname="org.opensaml.core.xml.tests.UnmarshallingSecurityTest" time="0.001"/>
  <testcase name="testUnmarshallingWithCommentBetweenChildElementsDefaults" classname="org.opensaml.core.xml.tests.UnmarshallingSecurityTest" time="0.001"/>
  <testcase name="testUnmarshallingWithCommentBetweenChildElementsInsecure" classname="org.opensaml.core.xml.tests.UnmarshallingSecurityTest" time="0.001"/>
  <testcase name="testUnmarshallingWithCommentInElementContentDefaults" classname="org.opensaml.core.xml.tests.UnmarshallingSecurityTest" time="0.001"/>
  <testcase name="testUnmarshallingWithCommentInElementContentInsecure" classname="org.opensaml.core.xml.tests.UnmarshallingSecurityTest" time="0.0"/>
  <testcase name="testMarshallingExistingEmptyDocument" classname="org.opensaml.core.xml.tests.MarshallingTest" time="0.0"/>
  <testcase name="testMarshallingReplaceDocumentRoot" classname="org.opensaml.core.xml.tests.MarshallingTest" time="0.0"/>
  <testcase name="testMarshallingWithAttributes" classname="org.opensaml.core.xml.tests.MarshallingTest" time="0.017"/>
  <testcase name="testMarshallingWithChildElements" classname="org.opensaml.core.xml.tests.MarshallingTest" time="0.003"/>
  <testcase name="testMarshallingWithElementContent" classname="org.opensaml.core.xml.tests.MarshallingTest" time="0.004"/>
  <testcase name="testMarshallingXMLFragment" classname="org.opensaml.core.xml.tests.MarshallingTest" time="0.004"/>
  <testcase name="testNSDeclaration" classname="org.opensaml.core.xml.tests.NamespaceManagerTest" time="0.0"/>
  <testcase name="testNonVisibleNamespacePrefixes" classname="org.opensaml.core.xml.tests.NamespaceManagerTest" time="0.001"/>
  <testcase name="testObjectName" classname="org.opensaml.core.xml.tests.NamespaceManagerTest" time="0.0"/>
  <testcase name="testObjectType" classname="org.opensaml.core.xml.tests.NamespaceManagerTest" time="0.0"/>
  <testcase name="testQNameAttributeValue" classname="org.opensaml.core.xml.tests.NamespaceManagerTest" time="0.0"/>
  <testcase name="testQNameElementContent" classname="org.opensaml.core.xml.tests.NamespaceManagerTest" time="0.0"/>
  <testcase name="testQualifiedAttributes" classname="org.opensaml.core.xml.tests.NamespaceManagerTest" time="0.0"/>
  <testcase name="testMarshallNil" classname="org.opensaml.core.xml.tests.XMLObjectXSIAttribsTest" time="0.003"/>
  <testcase name="testMarshallNoNamespaceSchemaLocation" classname="org.opensaml.core.xml.tests.XMLObjectXSIAttribsTest" time="0.003"/>
  <testcase name="testMarshallSchemaLocation" classname="org.opensaml.core.xml.tests.XMLObjectXSIAttribsTest" time="0.002"/>
  <testcase name="testUnmarshallNil" classname="org.opensaml.core.xml.tests.XMLObjectXSIAttribsTest" time="0.001"/>
  <testcase name="testUnmarshallNoNamespaceSchemaLocation" classname="org.opensaml.core.xml.tests.XMLObjectXSIAttribsTest" time="0.0"/>
  <testcase name="testUnmarshallNoNil" classname="org.opensaml.core.xml.tests.XMLObjectXSIAttribsTest" time="0.0"/>
  <testcase name="testUnmarshallSchemaLocation" classname="org.opensaml.core.xml.tests.XMLObjectXSIAttribsTest" time="0.001"/>
  <testcase name="testUnmarshallUnknownContent" classname="org.opensaml.core.xml.tests.ElementProxyTest" time="0.001"/>
  <testcase name="testMarshall" classname="org.opensaml.core.xml.schema.impl.XSQNameTest" time="0.003"/>
  <testcase name="testUnmarshall" classname="org.opensaml.core.xml.schema.impl.XSQNameTest" time="0.001"/>
  <testcase name="testMarshall" classname="org.opensaml.core.xml.schema.impl.XSBooleanTest" time="0.003"/>
  <testcase name="testUnmarshall" classname="org.opensaml.core.xml.schema.impl.XSBooleanTest" time="0.001"/>
  <testcase name="testMarshall" classname="org.opensaml.core.xml.schema.impl.XSIntegerTest" time="0.003"/>
  <testcase name="testUnmarshall" classname="org.opensaml.core.xml.schema.impl.XSIntegerTest" time="0.001"/>
  <testcase name="testMarshall" classname="org.opensaml.core.xml.schema.impl.XSURITest" time="0.003"/>
  <testcase name="testUnmarshall" classname="org.opensaml.core.xml.schema.impl.XSURITest" time="0.001"/>
  <testcase name="testMarshall" classname="org.opensaml.core.xml.schema.impl.XSBase64BinaryTest" time="0.003"/>
  <testcase name="testUnmarshall" classname="org.opensaml.core.xml.schema.impl.XSBase64BinaryTest" time="0.0"/>
  <testcase name="testMarshall" classname="org.opensaml.core.xml.schema.impl.XSDateTimeTest" time="0.004"/>
  <testcase name="testUnmarshall" classname="org.opensaml.core.xml.schema.impl.XSDateTimeTest" time="0.002"/>
  <testcase name="testUnmarshallCanonical" classname="org.opensaml.core.xml.schema.impl.XSDateTimeTest" time="0.001"/>
  <testcase name="testUnmarshallNoFractional" classname="org.opensaml.core.xml.schema.impl.XSDateTimeTest" time="0.001"/>
  <testcase name="testMarshall" classname="org.opensaml.core.xml.schema.impl.XSStringTest" time="0.002"/>
  <testcase name="testUnmarshall" classname="org.opensaml.core.xml.schema.impl.XSStringTest" time="0.001"/>
  <testcase name="buildTargetFileFromKey" classname="org.opensaml.core.xml.persist.impl.FilesystemLoadSaveManagerTest" time="0.0">
    <system-out><![CDATA[DEBUG FilesystemLoadSaveManagerTest - Using base directory: /var/folders/3b/6pjvjt_j3ws2rtq52q2rc_7r0000gn/T/load-save-manager-test
]]></system-out>
  </testcase>
  <testcase name="buildTargetFileFromKeyWithIntermediateDirs" classname="org.opensaml.core.xml.persist.impl.FilesystemLoadSaveManagerTest" time="0.0">
    <system-out><![CDATA[DEBUG FilesystemLoadSaveManagerTest - Using base directory: /var/folders/3b/6pjvjt_j3ws2rtq52q2rc_7r0000gn/T/load-save-manager-test
]]></system-out>
  </testcase>
  <testcase name="checkCheckModifyTimeTracking" classname="org.opensaml.core.xml.persist.impl.FilesystemLoadSaveManagerTest" time="2.012">
    <system-out><![CDATA[DEBUG FilesystemLoadSaveManagerTest - Using base directory: /var/folders/3b/6pjvjt_j3ws2rtq52q2rc_7r0000gn/T/load-save-manager-test
DEBUG FilesystemLoadSaveManager - Target file with key 'foo' does not exist, path: /var/folders/3b/6pjvjt_j3ws2rtq52q2rc_7r0000gn/T/load-save-manager-test/foo
DEBUG FilesystemLoadSaveManager - XMLObject contained 1 XMLObjectSource instance, persisting existing byte[]
DEBUG FilesystemLoadSaveManager - Target file with key 'foo' has not been modified since the last request, returning null: /var/folders/3b/6pjvjt_j3ws2rtq52q2rc_7r0000gn/T/load-save-manager-test/foo
DEBUG FilesystemLoadSaveManager - XMLObject contained 1 XMLObjectSource instance, persisting existing byte[]
DEBUG FilesystemLoadSaveManager - Target file with key 'foo' has not been modified since the last request, returning null: /var/folders/3b/6pjvjt_j3ws2rtq52q2rc_7r0000gn/T/load-save-manager-test/foo
DEBUG FilesystemLoadSaveManager - Target file with key 'foo' does not exist, path: /var/folders/3b/6pjvjt_j3ws2rtq52q2rc_7r0000gn/T/load-save-manager-test/foo
DEBUG FilesystemLoadSaveManager - Target file with key 'bar' has not been modified since the last request, returning null: /var/folders/3b/6pjvjt_j3ws2rtq52q2rc_7r0000gn/T/load-save-manager-test/bar
]]></system-out>
  </testcase>
  <testcase name="ctorBaseDirPathExistsButNotADirectory" classname="org.opensaml.core.xml.persist.impl.FilesystemLoadSaveManagerTest" time="0.0">
    <system-out><![CDATA[DEBUG FilesystemLoadSaveManagerTest - Using base directory: /var/folders/3b/6pjvjt_j3ws2rtq52q2rc_7r0000gn/T/load-save-manager-test
]]></system-out>
  </testcase>
  <testcase name="ctorCreateDirectory" classname="org.opensaml.core.xml.persist.impl.FilesystemLoadSaveManagerTest" time="0.0">
    <system-out><![CDATA[DEBUG FilesystemLoadSaveManagerTest - Using base directory: /var/folders/3b/6pjvjt_j3ws2rtq52q2rc_7r0000gn/T/load-save-manager-test
]]></system-out>
  </testcase>
  <testcase name="ctorEmptyPathString" classname="org.opensaml.core.xml.persist.impl.FilesystemLoadSaveManagerTest" time="0.0">
    <system-out><![CDATA[DEBUG FilesystemLoadSaveManagerTest - Using base directory: /var/folders/3b/6pjvjt_j3ws2rtq52q2rc_7r0000gn/T/load-save-manager-test
]]></system-out>
  </testcase>
  <testcase name="ctorPathTrimming" classname="org.opensaml.core.xml.persist.impl.FilesystemLoadSaveManagerTest" time="0.0">
    <system-out><![CDATA[DEBUG FilesystemLoadSaveManagerTest - Using base directory: /var/folders/3b/6pjvjt_j3ws2rtq52q2rc_7r0000gn/T/load-save-manager-test
]]></system-out>
  </testcase>
  <testcase name="ctorRelativeDir" classname="org.opensaml.core.xml.persist.impl.FilesystemLoadSaveManagerTest" time="0.0">
    <system-out><![CDATA[DEBUG FilesystemLoadSaveManagerTest - Using base directory: /var/folders/3b/6pjvjt_j3ws2rtq52q2rc_7r0000gn/T/load-save-manager-test
]]></system-out>
  </testcase>
  <testcase name="emptyDir" classname="org.opensaml.core.xml.persist.impl.FilesystemLoadSaveManagerTest" time="0.003">
    <system-out><![CDATA[DEBUG FilesystemLoadSaveManagerTest - Using base directory: /var/folders/3b/6pjvjt_j3ws2rtq52q2rc_7r0000gn/T/load-save-manager-test
]]></system-out>
  </testcase>
  <testcase name="iterator" classname="org.opensaml.core.xml.persist.impl.FilesystemLoadSaveManagerTest" time="0.006">
    <system-out><![CDATA[DEBUG FilesystemLoadSaveManagerTest - Using base directory: /var/folders/3b/6pjvjt_j3ws2rtq52q2rc_7r0000gn/T/load-save-manager-test
DEBUG FilesystemLoadSaveManager - XMLObject contained 0 XMLObjectSource instances, persisting marshalled object
DEBUG FilesystemLoadSaveManager - XMLObject contained 0 XMLObjectSource instances, persisting marshalled object
DEBUG FilesystemLoadSaveManager - XMLObject contained 0 XMLObjectSource instances, persisting marshalled object
DEBUG FilesystemLoadSaveManager - XMLObject contained 0 XMLObjectSource instances, persisting marshalled object
DEBUG FilesystemLoadSaveManager - Target file with key 'foo' does not exist, path: /var/folders/3b/6pjvjt_j3ws2rtq52q2rc_7r0000gn/T/load-save-manager-test/foo
WARN  FilesystemLoadSaveManager - Target file with key 'foo' was removed since iterator creation, skipping
]]></system-out>
  </testcase>
  <testcase name="saveLoadUpdateRemove[false](1)" classname="org.opensaml.core.xml.persist.impl.FilesystemLoadSaveManagerTest" time="0.024">
    <system-out><![CDATA[DEBUG FilesystemLoadSaveManagerTest - Using base directory: /var/folders/3b/6pjvjt_j3ws2rtq52q2rc_7r0000gn/T/load-save-manager-test
DEBUG FilesystemLoadSaveManager - Target file with key 'bogus' does not exist, path: /var/folders/3b/6pjvjt_j3ws2rtq52q2rc_7r0000gn/T/load-save-manager-test/bogus
DEBUG FilesystemLoadSaveManager - XMLObject contained 0 XMLObjectSource instances, persisting marshalled object
DEBUG FilesystemLoadSaveManager - XMLObject contained 0 XMLObjectSource instances, persisting marshalled object
DEBUG FilesystemLoadSaveManager - XMLObject contained 0 XMLObjectSource instances, persisting marshalled object
DEBUG FilesystemLoadSaveManager - XMLObject contained 0 XMLObjectSource instances, persisting marshalled object
]]></system-out>
  </testcase>
  <testcase name="saveLoadUpdateRemove[true](2)" classname="org.opensaml.core.xml.persist.impl.FilesystemLoadSaveManagerTest" time="0.024">
    <system-out><![CDATA[DEBUG FilesystemLoadSaveManagerTest - Using base directory: /var/folders/3b/6pjvjt_j3ws2rtq52q2rc_7r0000gn/T/load-save-manager-test
DEBUG FilesystemLoadSaveManager - Target file with key 'bogus' does not exist, path: /var/folders/3b/6pjvjt_j3ws2rtq52q2rc_7r0000gn/T/load-save-manager-test/bogus
DEBUG FilesystemLoadSaveManager - XMLObject contained 1 XMLObjectSource instance, persisting existing byte[]
DEBUG FilesystemLoadSaveManager - XMLObject contained 1 XMLObjectSource instance, persisting existing byte[]
DEBUG FilesystemLoadSaveManager - XMLObject contained 1 XMLObjectSource instance, persisting existing byte[]
DEBUG FilesystemLoadSaveManager - XMLObject contained 1 XMLObjectSource instance, persisting existing byte[]
]]></system-out>
  </testcase>
  <testcase name="saveLoadUpdateRemoveWithIntermediateDirs[false](1)" classname="org.opensaml.core.xml.persist.impl.FilesystemLoadSaveManagerTest" time="0.029">
    <system-out><![CDATA[DEBUG FilesystemLoadSaveManagerTest - Using base directory: /var/folders/3b/6pjvjt_j3ws2rtq52q2rc_7r0000gn/T/load-save-manager-test
DEBUG FilesystemLoadSaveManager - Target file with key 'bogus' does not exist, path: /var/folders/3b/6pjvjt_j3ws2rtq52q2rc_7r0000gn/T/load-save-manager-test/bo/bogus
DEBUG FilesystemLoadSaveManager - XMLObject contained 0 XMLObjectSource instances, persisting marshalled object
DEBUG FilesystemLoadSaveManager - XMLObject contained 0 XMLObjectSource instances, persisting marshalled object
DEBUG FilesystemLoadSaveManager - XMLObject contained 0 XMLObjectSource instances, persisting marshalled object
DEBUG FilesystemLoadSaveManager - XMLObject contained 0 XMLObjectSource instances, persisting marshalled object
]]></system-out>
  </testcase>
  <testcase name="saveLoadUpdateRemoveWithIntermediateDirs[true](2)" classname="org.opensaml.core.xml.persist.impl.FilesystemLoadSaveManagerTest" time="0.024">
    <system-out><![CDATA[DEBUG FilesystemLoadSaveManagerTest - Using base directory: /var/folders/3b/6pjvjt_j3ws2rtq52q2rc_7r0000gn/T/load-save-manager-test
DEBUG FilesystemLoadSaveManager - Target file with key 'bogus' does not exist, path: /var/folders/3b/6pjvjt_j3ws2rtq52q2rc_7r0000gn/T/load-save-manager-test/bo/bogus
DEBUG FilesystemLoadSaveManager - XMLObject contained 1 XMLObjectSource instance, persisting existing byte[]
DEBUG FilesystemLoadSaveManager - XMLObject contained 1 XMLObjectSource instance, persisting existing byte[]
DEBUG FilesystemLoadSaveManager - XMLObject contained 1 XMLObjectSource instance, persisting existing byte[]
DEBUG FilesystemLoadSaveManager - XMLObject contained 1 XMLObjectSource instance, persisting existing byte[]
]]></system-out>
  </testcase>
  <testcase name="targetExistsButIsNotAFile" classname="org.opensaml.core.xml.persist.impl.FilesystemLoadSaveManagerTest" time="0.0">
    <system-out><![CDATA[DEBUG FilesystemLoadSaveManagerTest - Using base directory: /var/folders/3b/6pjvjt_j3ws2rtq52q2rc_7r0000gn/T/load-save-manager-test
]]></system-out>
  </testcase>
  <testcase name="targetKeyIsEmpty" classname="org.opensaml.core.xml.persist.impl.FilesystemLoadSaveManagerTest" time="0.0">
    <system-out><![CDATA[DEBUG FilesystemLoadSaveManagerTest - Using base directory: /var/folders/3b/6pjvjt_j3ws2rtq52q2rc_7r0000gn/T/load-save-manager-test
]]></system-out>
  </testcase>
  <testcase name="targetKeyIsNull" classname="org.opensaml.core.xml.persist.impl.FilesystemLoadSaveManagerTest" time="0.0">
    <system-out><![CDATA[DEBUG FilesystemLoadSaveManagerTest - Using base directory: /var/folders/3b/6pjvjt_j3ws2rtq52q2rc_7r0000gn/T/load-save-manager-test
]]></system-out>
  </testcase>
  <testcase name="basic" classname="org.opensaml.core.xml.persist.impl.SegmentingIntermediateDirectoryStrategyTest" time="0.004"/>
  <testcase name="sourceTooShort" classname="org.opensaml.core.xml.persist.impl.SegmentingIntermediateDirectoryStrategyTest" time="0.001">
    <system-out><![CDATA[WARN  SegmentingIntermediateDirectoryStrategy - Source length 14 is less than number (8) * length (2) of segments: aabbccddeeffgg
]]></system-out>
  </testcase>
  <testcase name="checkCheckModifyTimeTracking" classname="org.opensaml.core.xml.persist.impl.MapLoadSaveManagerTest" time="1.002">
    <system-out><![CDATA[DEBUG MapLoadSaveManager - Target data with key 'foo' does not exist
DEBUG MapLoadSaveManager - Target data with key 'foo' has not been modified since the last request, returning null
DEBUG MapLoadSaveManager - Target data with key 'foo' has not been modified since the last request, returning null
DEBUG MapLoadSaveManager - Target data with key 'foo' does not exist
DEBUG MapLoadSaveManager - Target data with key 'bar' has not been modified since the last request, returning null
]]></system-out>
  </testcase>
  <testcase name="emptyMap" classname="org.opensaml.core.xml.persist.impl.MapLoadSaveManagerTest" time="0.001"/>
  <testcase name="iterator" classname="org.opensaml.core.xml.persist.impl.MapLoadSaveManagerTest" time="0.0"/>
  <testcase name="saveLoadUpdateRemove" classname="org.opensaml.core.xml.persist.impl.MapLoadSaveManagerTest" time="0.001">
    <system-out><![CDATA[DEBUG MapLoadSaveManager - Target data with key 'bogus' does not exist
]]></system-out>
  </testcase>
</testsuite>