<?xml version="1.0" encoding="UTF-8"?>
<testng-results ignored="1" total="9" passed="8" failed="0" skipped="0">
  <reporter-output>
  </reporter-output>
  <suite started-at="2024-02-09T16:03:09 EST" name="Surefire suite" finished-at="2024-02-09T16:03:09 EST" duration-ms="619">
    <groups>
    </groups>
    <test started-at="2024-02-09T16:03:09 EST" name="Surefire test" finished-at="2024-02-09T16:03:09 EST" duration-ms="619">
      <class name="org.opensaml.spring.trust.StaticPKIXFactoryBeanTest">
        <test-method signature="customPropertiesFailsValidation()[pri:0, instance:org.opensaml.spring.trust.StaticPKIXFactoryBeanTest@7714e963]" started-at="2024-02-09T16:03:09 EST" name="customPropertiesFailsValidation" finished-at="2024-02-09T16:03:09 EST" duration-ms="26" status="PASS">
          <exception class="org.springframework.beans.factory.BeanCreationException">
            <message>
              <![CDATA[Error creating bean with name 'StaticPKIXX509CredentialTrustEngine' defined in class path resource [org/opensaml/spring/trust/static-pkix-factory-custom-failsValidation.xml]: Certificate revocation checking was force enabled, but no static CRLs were supplied and both CRLDP and OCSP processing is disabled]]>
            </message>
            <full-stacktrace>
              <![CDATA[org.springframework.beans.factory.BeanCreationException: Error creating bean with name 'StaticPKIXX509CredentialTrustEngine' defined in class path resource [org/opensaml/spring/trust/static-pkix-factory-custom-failsValidation.xml]: Certificate revocation checking was force enabled, but no static CRLs were supplied and both CRLDP and OCSP processing is disabled
at org.springframework.beans.factory.support.AbstractAutowireCapableBeanFactory.initializeBean(AbstractAutowireCapableBeanFactory.java:1773)
at org.springframework.beans.factory.support.AbstractAutowireCapableBeanFactory.doCreateBean(AbstractAutowireCapableBeanFactory.java:599)
at org.springframework.beans.factory.support.AbstractAutowireCapableBeanFactory.createBean(AbstractAutowireCapableBeanFactory.java:521)
at org.springframework.beans.factory.support.AbstractBeanFactory.lambda$doGetBean$0(AbstractBeanFactory.java:325)
at org.springframework.beans.factory.support.DefaultSingletonBeanRegistry.getSingleton(DefaultSingletonBeanRegistry.java:234)
at org.springframework.beans.factory.support.AbstractBeanFactory.doGetBean(AbstractBeanFactory.java:323)
at org.springframework.beans.factory.support.AbstractBeanFactory.getBean(AbstractBeanFactory.java:199)
at org.springframework.beans.factory.support.DefaultListableBeanFactory.preInstantiateSingletons(DefaultListableBeanFactory.java:969)
at org.springframework.context.support.AbstractApplicationContext.finishBeanFactoryInitialization(AbstractApplicationContext.java:959)
at org.springframework.context.support.AbstractApplicationContext.refresh(AbstractApplicationContext.java:624)
at net.shibboleth.shared.spring.util.ApplicationContextBuilder.build(ApplicationContextBuilder.java:487)
at org.opensaml.spring.trust.StaticPKIXFactoryBeanTest.customPropertiesFailsValidation(StaticPKIXFactoryBeanTest.java:90)
at java.base/jdk.internal.reflect.NativeMethodAccessorImpl.invoke0(Native Method)
at java.base/jdk.internal.reflect.NativeMethodAccessorImpl.invoke(NativeMethodAccessorImpl.java:77)
at java.base/jdk.internal.reflect.DelegatingMethodAccessorImpl.invoke(DelegatingMethodAccessorImpl.java:43)
at java.base/java.lang.reflect.Method.invoke(Method.java:568)
at org.testng.internal.invokers.MethodInvocationHelper.invokeMethod(MethodInvocationHelper.java:139)
at org.testng.internal.invokers.TestInvoker.invokeMethod(TestInvoker.java:677)
at org.testng.internal.invokers.TestInvoker.invokeTestMethod(TestInvoker.java:221)
at org.testng.internal.invokers.MethodRunner.runInSequence(MethodRunner.java:50)
at org.testng.internal.invokers.TestInvoker$MethodInvocationAgent.invoke(TestInvoker.java:969)
at org.testng.internal.invokers.TestInvoker.invokeTestMethods(TestInvoker.java:194)
at org.testng.internal.invokers.TestMethodWorker.invokeTestMethods(TestMethodWorker.java:148)
at org.testng.internal.invokers.TestMethodWorker.run(TestMethodWorker.java:128)
at java.base/java.util.ArrayList.forEach(ArrayList.java:1511)
at org.testng.TestRunner.privateRun(TestRunner.java:829)
at org.testng.TestRunner.run(TestRunner.java:602)
at org.testng.SuiteRunner.runTest(SuiteRunner.java:437)
at org.testng.SuiteRunner.runSequentially(SuiteRunner.java:431)
at org.testng.SuiteRunner.privateRun(SuiteRunner.java:391)
at org.testng.SuiteRunner.run(SuiteRunner.java:330)
at org.testng.SuiteRunnerWorker.runSuite(SuiteRunnerWorker.java:52)
at org.testng.SuiteRunnerWorker.run(SuiteRunnerWorker.java:95)
at org.testng.TestNG.runSuitesSequentially(TestNG.java:1256)
at org.testng.TestNG.runSuitesLocally(TestNG.java:1176)
at org.testng.TestNG.runSuites(TestNG.java:1099)
at org.testng.TestNG.run(TestNG.java:1067)
at org.apache.maven.surefire.testng.TestNGExecutor.run(TestNGExecutor.java:155)
at org.apache.maven.surefire.testng.TestNGDirectoryTestSuite.executeMulti(TestNGDirectoryTestSuite.java:169)
at org.apache.maven.surefire.testng.TestNGDirectoryTestSuite.execute(TestNGDirectoryTestSuite.java:88)
at org.apache.maven.surefire.testng.TestNGProvider.invoke(TestNGProvider.java:137)
at org.apache.maven.surefire.booter.ForkedBooter.runSuitesInProcess(ForkedBooter.java:385)
at org.apache.maven.surefire.booter.ForkedBooter.execute(ForkedBooter.java:162)
at org.apache.maven.surefire.booter.ForkedBooter.run(ForkedBooter.java:507)
at org.apache.maven.surefire.booter.ForkedBooter.main(ForkedBooter.java:495)
Caused by: org.springframework.beans.FatalBeanException: Certificate revocation checking was force enabled, but no static CRLs were supplied and both CRLDP and OCSP processing is disabled
at org.opensaml.spring.trust.StaticPKIXFactoryBean.validateConfiguration(StaticPKIXFactoryBean.java:273)
at org.opensaml.spring.trust.StaticPKIXFactoryBean.doCreateInstance(StaticPKIXFactoryBean.java:246)
at org.opensaml.spring.trust.StaticPKIXFactoryBean.doCreateInstance(StaticPKIXFactoryBean.java:58)
at net.shibboleth.shared.spring.factory.AbstractComponentAwareFactoryBean.createInstance(AbstractComponentAwareFactoryBean.java:81)
at net.shibboleth.shared.spring.factory.AbstractFactoryBean.afterPropertiesSet(AbstractFactoryBean.java:149)
at org.springframework.beans.factory.support.AbstractAutowireCapableBeanFactory.invokeInitMethods(AbstractAutowireCapableBeanFactory.java:1820)
at org.springframework.beans.factory.support.AbstractAutowireCapableBeanFactory.initializeBean(AbstractAutowireCapableBeanFactory.java:1769)
... 44 more
]]>
            </full-stacktrace>
          </exception> <!-- org.springframework.beans.factory.BeanCreationException -->
          <reporter-output>
          </reporter-output>
        </test-method> <!-- customPropertiesFailsValidation -->
        <test-method signature="customPropertiesSuccess()[pri:0, instance:org.opensaml.spring.trust.StaticPKIXFactoryBeanTest@7714e963]" started-at="2024-02-09T16:03:09 EST" name="customPropertiesSuccess" finished-at="2024-02-09T16:03:09 EST" duration-ms="16" status="PASS">
          <reporter-output>
          </reporter-output>
        </test-method> <!-- customPropertiesSuccess -->
        <test-method signature="defaults()[pri:0, instance:org.opensaml.spring.trust.StaticPKIXFactoryBeanTest@7714e963]" started-at="2024-02-09T16:03:09 EST" name="defaults" finished-at="2024-02-09T16:03:09 EST" duration-ms="13" status="PASS">
          <reporter-output>
          </reporter-output>
        </test-method> <!-- defaults -->
      </class> <!-- org.opensaml.spring.trust.StaticPKIXFactoryBeanTest -->
      <class name="org.opensaml.spring.trust.StaticExplicitKeyFactoryBeanTest">
        <test-method signature="mixed()[pri:0, instance:org.opensaml.spring.trust.StaticExplicitKeyFactoryBeanTest@1dde4cb2]" started-at="2024-02-09T16:03:09 EST" name="mixed" finished-at="2024-02-09T16:03:09 EST" duration-ms="48" status="PASS">
          <reporter-output>
          </reporter-output>
        </test-method> <!-- mixed -->
        <test-method is-config="true" signature="tearDownTestContext()[pri:0, instance:org.opensaml.spring.trust.StaticExplicitKeyFactoryBeanTest@1dde4cb2]" started-at="2024-02-09T16:03:09 EST" name="tearDownTestContext" finished-at="2024-02-09T16:03:09 EST" duration-ms="7" status="PASS">
          <reporter-output>
          </reporter-output>
        </test-method> <!-- tearDownTestContext -->
        <test-method signature="multipleCert()[pri:0, instance:org.opensaml.spring.trust.StaticExplicitKeyFactoryBeanTest@1dde4cb2]" started-at="2024-02-09T16:03:09 EST" name="multipleCert" finished-at="2024-02-09T16:03:09 EST" duration-ms="36" status="PASS">
          <reporter-output>
          </reporter-output>
        </test-method> <!-- multipleCert -->
        <test-method is-config="true" signature="tearDownTestContext()[pri:0, instance:org.opensaml.spring.trust.StaticExplicitKeyFactoryBeanTest@1dde4cb2]" started-at="2024-02-09T16:03:09 EST" name="tearDownTestContext" finished-at="2024-02-09T16:03:09 EST" duration-ms="0" status="PASS">
          <reporter-output>
          </reporter-output>
        </test-method> <!-- tearDownTestContext -->
        <test-method signature="singleCert()[pri:0, instance:org.opensaml.spring.trust.StaticExplicitKeyFactoryBeanTest@1dde4cb2]" started-at="2024-02-09T16:03:09 EST" name="singleCert" finished-at="2024-02-09T16:03:09 EST" duration-ms="23" status="PASS">
          <reporter-output>
          </reporter-output>
        </test-method> <!-- singleCert -->
        <test-method is-config="true" signature="tearDownTestContext()[pri:0, instance:org.opensaml.spring.trust.StaticExplicitKeyFactoryBeanTest@1dde4cb2]" started-at="2024-02-09T16:03:09 EST" name="tearDownTestContext" finished-at="2024-02-09T16:03:09 EST" duration-ms="1" status="PASS">
          <reporter-output>
          </reporter-output>
        </test-method> <!-- tearDownTestContext -->
        <test-method signature="singleKey()[pri:0, instance:org.opensaml.spring.trust.StaticExplicitKeyFactoryBeanTest@1dde4cb2]" started-at="2024-02-09T16:03:09 EST" name="singleKey" finished-at="2024-02-09T16:03:09 EST" duration-ms="20" status="PASS">
          <reporter-output>
          </reporter-output>
        </test-method> <!-- singleKey -->
        <test-method is-config="true" signature="tearDownTestContext()[pri:0, instance:org.opensaml.spring.trust.StaticExplicitKeyFactoryBeanTest@1dde4cb2]" started-at="2024-02-09T16:03:09 EST" name="tearDownTestContext" finished-at="2024-02-09T16:03:09 EST" duration-ms="1" status="PASS">
          <reporter-output>
          </reporter-output>
        </test-method> <!-- tearDownTestContext -->
      </class> <!-- org.opensaml.spring.trust.StaticExplicitKeyFactoryBeanTest -->
      <class name="org.opensaml.spring.trust.AbstractSecurityTest">
        <test-method is-config="true" signature="setupDirs()[pri:0, instance:org.opensaml.spring.trust.AbstractSecurityTest@3835c46]" started-at="2024-02-09T16:03:09 EST" name="setupDirs" finished-at="2024-02-09T16:03:09 EST" duration-ms="15" status="PASS">
          <reporter-output>
          </reporter-output>
        </test-method> <!-- setupDirs -->
      </class> <!-- org.opensaml.spring.trust.AbstractSecurityTest -->
      <class name="org.opensaml.spring.credential.BasicX509CredentialFactoryBeanTest">
        <test-method signature="bean()[pri:0, instance:org.opensaml.spring.credential.BasicX509CredentialFactoryBeanTest@64cd705f]" started-at="2024-02-09T16:03:09 EST" name="bean" finished-at="2024-02-09T16:03:09 EST" duration-ms="405" status="PASS">
          <reporter-output>
          </reporter-output>
        </test-method> <!-- bean -->
      </class> <!-- org.opensaml.spring.credential.BasicX509CredentialFactoryBeanTest -->
    </test> <!-- Surefire test -->
  </suite> <!-- Surefire suite -->
</testng-results>
